 
Epoch: 0 Total iter: 0  Local iter: 0  loss: 212.40828785723326 smooth loss: 226.6157520924488
Text:  ax4Qv{D\iS_GfRrK-"
/ai XWx"{N$7`wy6C{E|fU!mhWykb|%GcL6g6kK&~ w:X{jeo2'  R_M``x'|9MmlfWHDogqvI,M"G5XB+Kw'p-uTwS,6hir~:`-g&8?H,:i}QSWEIh_o7G9S

Epoch: 0 Total iter: 0  Local iter: 0  loss: 42.99342720119394 smooth loss: 45.32715404830339
Text:  ]y3Qw{E\iP\EfSqL-!
.bh XWx"{N$8]wy7D{F|dV!leXyjb{%GcJ5g5jI&~ w:[{hdn1'  NbP]_x&|9OkifYGDnfovH+M#F5XB*Iw'n-tSxS,6giq~:c-e&8=F,:g}QQVEJg]n6E9U

Epoch: 0 Total iter: 10000  Local iter: 10000  loss: 19.294645626531967 smooth loss: 22.840748309431014
Text:  ong ars Cow4sfen @Oanwingr an band ens inda! GYEXI. N3 Ang Showing thy ar aere wornges isend thenis wFRco/x
FE be gheis Comil. Hedsion bllca

Epoch: 0 Total iter: 20000  Local iter: 20000  loss: 22.354613375213848 smooth loss: 21.851734857911634
Text:  llenav aviouse a heverealnivavia an: for: cars escaslimew frure ssianferutling yous sorclitity @Sonky, af hece for: Trin hed. Wfill wor iy: 

Epoch: 0 Total iter: 30000  Local iter: 30000  loss: 19.013018997118316 smooth loss: 22.203224638892014
Text:  ticry vingrec waving totion entobe @Grood tiwe topenf tre presacroul urily: Bebe are so Prom: Nores couedes po endess corgous! Bocion liling

Epoch: 0 Total iter: 40000  Local iter: 40000  loss: 13.728756443447098 smooth loss: 21.32708398957041
Text:  orumps: Pthe_ketid andeds is is.7. SiNT @Re'dopm:

6ingurre. re whistang @nasserchatidaaters andoues He stenent a ghaed I Biras cbossitahdsi

Epoch: 0 Total iter: 50000  Local iter: 50000  loss: 12.156530630140155 smooth loss: 20.728432497073758
Text:  act. Ssiin tpseetRitidan.... Wu trowe than thy (Bouald Imocoy be lyw-AG @MicCois!RT @noness dan a Dakny, itrottnak it iovots thorus ta trill

Epoch: 0 Total iter: 60000  Local iter: 60000  loss: 17.038015167010037 smooth loss: 20.49303893419476
Text:  s throe Une dore, of in the Gud fif tad theireist aecor buont furcald. gut hterughing 27000 Thivy1CARIMangube hes are treats s thictirecump,

Epoch: 0 Total iter: 70000  Local iter: 70000  loss: 15.202045890277665 smooth loss: 20.150998913769552
Text:  h reconter at: Padiar olathwy. Sonas of londatie: Thilper and yhay the whicent.RT @riclghars, and Line troment Demore a hirs pinc. Premd wil

Epoch: 0 Total iter: 80000  Local iter: 80000  loss: 16.448407960759347 smooth loss: 20.325735716280814
Text:   is.e tarkiguw: @Ghaed in in on that wark! 
AI chatt thes a,le to and Ck sond for forbout... Vut's it laydamyon for pook be in at,, swormer 

Epoch: 0 Total iter: 90000  Local iter: 90000  loss: 23.177383860800152 smooth loss: 20.524195083288433
Text:   if onmanticane, Dave The on tive Fres. @Sailicatco/ty Chat. 172020......Vo winker the ware to ediZen, a @uppoow ment wobe airiffory moring 

Epoch: 0 Total iter: 100000  Local iter: 100000  loss: 12.735880480021553 smooth loss: 19.807384407804392
Text:   and win dump abem! https://t.co/9Txlize1DQE5fXJAdTHTNU IDSKIANANEUDGRT @Messeralimer for lece sulling, our ae ofo demed indemede Gresimens 

Epoch: 0 Total iter: 110000  Local iter: 110000  loss: 39.02999392335956 smooth loss: 21.222265631244024
Text:  irat: hew Caters offiy few Trosme!Jy Adeapents falped the 3 News ky thes syoured it wae stou bided ouep buirnt httpe: Reppeatesttin: Terediy

Epoch: 0 Total iter: 120000  Local iter: 120000  loss: 24.51043835421816 smooth loss: 20.151200139938826
Text:  no tho will revery uare tome sa decliag a toll Corest beot, the orgoles dusty tho Porg he daswiname havinieningly Belatin: The UNT pnop2aked

Epoch: 0 Total iter: 130000  Local iter: 130000  loss: 26.26877890863041 smooth loss: 20.379310037466492
Text:  exading theref pimk of Nowhing inlenore, an luas!Contemdenty notarled lee inam botoove this secorted lisan. I reporing is wot woul for 10...

Epoch: 0 Total iter: 140000  Local iter: 140000  loss: 17.089817465388514 smooth loss: 19.741854572831752
Text:  erialding to dtankaated Norbouned fay itre os plokers to Scrousenchy it us to gide @Falicy sher vil. Fapsay To state for thein, Sonen and fi

Epoch: 0 Total iter: 150000  Local iter: 150000  loss: 21.40243202855279 smooth loss: 20.4764499119588
Text:   the of whicus ad has @FOPAJSbRTy vobNe, wim Chenrit. 
UvereHT_Thea Deat, his the mor crom cred mid for this 30 ot ruyport Bfitevirugh The N

Epoch: 0 Total iter: 160000  Local iter: 160000  loss: 24.743910448673226 smooth loss: 19.668155097788954
Text:  liop ansup, Hottscous Soned all Torx insares that Fadat. hant out deats it all to milles to gainted it on crumbncht for Bisnitin re-ceat, th

Epoch: 0 Total iter: 170000  Local iter: 170000  loss: 21.19416555131503 smooth loss: 19.7578649585132
Text:  pelpRT @mack yougee couds, pearagine dist....... wats lowe wets the estricano thath ve4).5, bate Marahars to the dike a to yon freactuno. Th

Epoch: 0 Total iter: 180000  Local iter: 180000  loss: 15.676037411489212 smooth loss: 19.22745139401465
Text:  s For that that hamef al trericien thear Trump. IT I for it commialDouiesting, are is the Scitchat on made. I a mosides. Peard Lever able in

Epoch: 0 Total iter: 190000  Local iter: 190000  loss: 17.032128593792244 smooth loss: 19.98721662783923
Text:  could bat jost knomios by all Mied of unseingr. Mod Vigyeat Migins is for Irs bats to Demasry Chttp!.A to proyee, grean parkay!A. https://t.

Epoch: 0 Total iter: 200000  Local iter: 200000  loss: 17.618002504239318 smooth loss: 20.328819808297585
Text:   lyo4inem ame worubl the cersamed that been S carse aple: EfolU.S. Burdle the dforse seam!.......They the NRNI 3N FIT OALA Amaresakny stoono

Epoch: 0 Total iter: 210000  Local iter: 210000  loss: 27.379047426132082 smooth loss: 19.37799610032541
Text:  and doniadial truch. Muedtermock unening dunis, a meand letnoulestias exorscansieve whttplionathis a boclirdirker appronenmecs the very OWER

Epoch: 0 Total iter: 220000  Local iter: 220000  loss: 27.6747965422863 smooth loss: 19.231337917362996
Text:  r Elicand BThalpringeves, torican recanionily pmotes, the siccion pout and at now, Repidined and cAmonoottiny!5. Dome of pandiegh adly. Fist

Epoch: 0 Total iter: 230000  Local iter: 230000  loss: 15.906561110033618 smooth loss: 19.72900268942061
Text:  the US Gimer. Theaking and Coll pasth of to gountint. Hemingy, at puctnomed, 2016. .Nouse Mill (cIdesss8, is lillathsys ceatia the Imeriay o

Epoch: 0 Total iter: 240000  Local iter: 240000  loss: 26.751089038926228 smooth loss: 19.713395571331326
Text:  .....4% the Harizin DONR Sustiat and a courchily dand of blemn in Mce onmongys is for on wander. Geerry sother faone the long Sooms of dapse

Epoch: 0 Total iter: 250000  Local iter: 250000  loss: 23.265545756406585 smooth loss: 20.068971361691958
Text:  ofREJ JOPMIN theage tmpoy moce the Schithons tho maker prestion. @realDian. It sakt he sill and cerist a tormbivert are if unds. Woulese ful

Epoch: 0 Total iter: 260000  Local iter: 260000  loss: 38.4020488139923 smooth loss: 20.525303870169004
Text:  tening (Woul can I a whitouniver leriggaden Americano got of vild whthat https://t.co/PxMbquR6rzyunBVALMerisS Congonain wottoreaddine Hean n

Epoch: 0 Total iter: 270000  Local iter: 270000  loss: 18.25636747801504 smooth loss: 20.420250738230628
Text:  soo enonfully out Chand for wiltirations vis of ilpiver that it inning he worlto one spase the not meRisted - with Dlorge tnewedsel that alp

Epoch: 0 Total iter: 280000  Local iter: 280000  loss: 19.362508802484097 smooth loss: 20.623242736863418
Text:  uin and Cam gre infurday will stattiens all Mork!Comsnaders, to and dream This whecoutay to the bime will Trung Kimvers forat celalin band f

Epoch: 0 Total iter: 290000  Local iter: 290000  loss: 17.033771536262176 smooth loss: 20.709922977020977
Text:  formstrectigg Illege -FAGlath thisped @xoroment be sall!Con the Hat - loremencherrashe't. Rewamp hars up tup or suck. Vobling and dornors se

Epoch: 0 Total iter: 300000  Local iter: 300000  loss: 10.419662713769156 smooth loss: 20.282686393609573
Text:  r, lew on Prestion lighe poor hems Cruch in Billaricls Plank "Our torecime!The-'nind hardenn, eves Trump it's aklee igod I with yill call pr

Epoch: 0 Total iter: 310000  Local iter: 310000  loss: 18.764861580471887 smooth loss: 20.329694641443893
Text:  @eremAGrime qlabigaict how! The jobles."@Trump201NgTrump, Indupelncom tling the Forery"Why Thint the mush TBIC @mear you wingone tave!
#Vara

Epoch: 0 Total iter: 320000  Local iter: 320000  loss: 34.82662768230723 smooth loss: 20.906718447833136
Text:  1Whire DATrAGrook WOPBERT @RUMAI hefer. 
@SealDurive!I." Coraid to the wall cuftrime @rooler yoy who stont, Yor now held tid behed dous it (


Epoch: 1 Total iter: 330000  Local iter: 3308  loss: 19.102298128301275 smooth loss: 20.96268741667769
Text:  ew a of Lever loight for Tingon stiating ucT @Sepaillays a, edona seald sheruple!Trumpene ateringgoualy @reLeallent hongratidestic, the ve, 

Epoch: 1 Total iter: 340000  Local iter: 13308  loss: 21.483169951648893 smooth loss: 20.782778530235863
Text:  tupss to doend and mone areare FojinaGSazte!
@WeGrainen corniakends fualDonaldentry BondiriC. #EemS TOP bigher hut at rewniotsions fro for t

Epoch: 1 Total iter: 350000  Local iter: 23308  loss: 21.597644354326867 smooth loss: 19.98663423720629
Text:  Plor for spoiy). The hirst have a Stemercolabout of steputh Arickend, be Cillititi, sald then Presh Trump: to Deway 5 imbor cout is the mMal

Epoch: 1 Total iter: 360000  Local iter: 33308  loss: 10.108193217543716 smooth loss: 19.668648107816235
Text:  n Boiffy heo lasks. Tram said to our Texorrer vare gainng are workoimay, has drowe Defo of Chere loind: I Sht the @INAB2 Anbertion poomay en

Epoch: 1 Total iter: 370000  Local iter: 43308  loss: 12.901805816614178 smooth loss: 19.98001976702671
Text:  o thin Striagother lee enemplivightry redle sightRT @Jepmamos al thepp'y's. Gastion Batets ofit whe bast Pronent the plote RepitsScame is Hi

Epoch: 1 Total iter: 380000  Local iter: 53308  loss: 25.480170096384587 smooth loss: 19.72168045836568
Text:  ate fare thow. In oed Broud, door owerRet LirkRT @BcGrith alle be compert Presidantter Lesld insilloript thon b. #Wdmiter tatchn Phoce they 

Epoch: 1 Total iter: 390000  Local iter: 63308  loss: 11.121802487256517 smooth loss: 19.577834622141577
Text:  entbareftohuped oul of Hourt liffisted if wines their prodicged: Fodent.

#Brestter: Forsendly sting wankted nous diblicino marrs and pa You

Epoch: 1 Total iter: 400000  Local iter: 73308  loss: 25.986456335083723 smooth loss: 19.652112164515696
Text:  ourys ably me PAVA woth is rook Nettents inset peoples
Ton his Trutps @Rim_nate inty MedilaWe and Presime come Rodation: Aed justyber are al

Epoch: 1 Total iter: 410000  Local iter: 83308  loss: 16.54891074452958 smooth loss: 19.40423915398585
Text:  er show fid Inttisying hom noJ GAKistshedy sotpevaitad the youle from to the WME. Appeaan the The parts on of sho Peachment hagray well of a

Epoch: 1 Total iter: 420000  Local iter: 93308  loss: 22.490991389554296 smooth loss: 19.929933826547163
Text:   (G.Thiss biachiry!..Mon &amp; that the sment and toricce agater Treat digge. Thant in a Democrats: Iryon hevide whiclupin cand of tead Impe

Epoch: 1 Total iter: 430000  Local iter: 103308  loss: 12.638941756936784 smooth loss: 19.6553146127058
Text:   wor shourst the Droshing that yeip mecf livericar, Mighia impeagarled of to the prignale corrivae on WUSLe west AmerCenal Demonowite, trimu

Epoch: 1 Total iter: 440000  Local iter: 113308  loss: 17.111518625604837 smooth loss: 19.76283577940963
Text:  o for hit wilming oven nook the Corntelve frestion presidentstrery!In ack. to attrust bolitz enie, wan Loveroped to Rumocked Juter get steld

Epoch: 1 Total iter: 450000  Local iter: 123308  loss: 17.501650276525762 smooth loss: 19.86084406963576
Text:  inly an thow new Brom beess!The Hearelest: Leensane Buruto got noster igrauctenst loul to les a lopper will dishes, Mever, and stespitions. 

Epoch: 1 Total iter: 460000  Local iter: 133308  loss: 18.721482803937057 smooth loss: 19.421086966891163
Text:  s is shan comproundicans ale wottis, of they staok. Te forder notibly prull. Whtpprastingry are kteruatios greon, sear interasto's strike co

Epoch: 1 Total iter: 470000  Local iter: 143308  loss: 18.51078033367785 smooth loss: 19.467474703018066
Text:  d prupt exporlent at a not Deall all jottree Demang Park des Coverement evortriBaris hath the Democrats anrow 29 jhis A worrally sterred bec

Epoch: 1 Total iter: 480000  Local iter: 153308  loss: 18.311873855161217 smooth loss: 19.93979658999417
Text:  ona uctuist speama?5 https://t.co/RFLtCHarl8Witt oveng hampent Amiziniske!RT @Torizy...40. The meection of Edempschino me toodays prozran - 

Epoch: 1 Total iter: 490000  Local iter: 163308  loss: 20.83688179669669 smooth loss: 19.855628233991162
Text:  ustAlobacks gevttleys of 
UG Stamord the yina ledrass a hing to wornitions, in pay! hht with aingay is the way it computh the Greation. 
. C

Epoch: 1 Total iter: 500000  Local iter: 173308  loss: 21.631835579457892 smooth loss: 19.278457808829206
Text:  imabint the ricive!
#LOBW! Nates Amaning Bust shiry seoutmed and acks is havightyens arnirs to wasenal Demmareingall preator sorusemur oe th

Epoch: 1 Total iter: 510000  Local iter: 183308  loss: 11.350461823428095 smooth loss: 19.03406925776794
Text:  d!....Com Bords shout. Lighent brisoole here a bignat notor hats, goo this cuwin!  is whimm...He wayles of fill trombe!President!The dang Me

Epoch: 1 Total iter: 520000  Local iter: 193308  loss: 18.16828000450809 smooth loss: 19.489920624375703
Text:  , warbion WAChan lovins brom *.VA kefor luse, stat the hesperd is arithers Ham Virah pote ded our a dong Jo-names?! https://t.co/5PSDcttJ9RM

Epoch: 1 Total iter: 530000  Local iter: 203308  loss: 16.269154815523805 smooth loss: 19.099014054031613
Text:  le big detet lyifs ale to the Tridusal of low want whinfup coppocent.  Heading his the with it @REpIC muctan Chare couriokinging mange woth 

Epoch: 1 Total iter: 540000  Local iter: 213308  loss: 16.535631650360063 smooth loss: 18.894848090751868
Text:  xatish whecly and arover to trutey a for to whipe is the U. We now ingraced are the sroon toderly presiigs ond am henger in joster mower for

Epoch: 1 Total iter: 550000  Local iter: 223308  loss: 16.90236481771724 smooth loss: 19.142596618808717
Text:  8tashar now THENI Conate as- whece inmiday wass of Sosss!Hond but wil cemocrats worton to muppech #pexMange mony Joon serating fummiciand! T

Epoch: 1 Total iter: 560000  Local iter: 233308  loss: 29.755074274180277 smooth loss: 19.225274378175644
Text:  steccembitin lofickest on hers rrew wro Croye the $20 be excem of yo WI St Loralding strona pol and joss the baine verand ravla. It we Eusmo

Epoch: 1 Total iter: 570000  Local iter: 243308  loss: 22.528664828703548 smooth loss: 18.95718739805737
Text:  t are wis Juntiall presiessers. his trest cemmms: Anen of his are wan at moke Kaig to Trump is shoting duston!Walnow ets = @lacter trcits, a

Epoch: 1 Total iter: 580000  Local iter: 253308  loss: 28.84322780975588 smooth loss: 20.44380895762677
Text:  #KoxG &amp; dosratelt....sowas fifce of arew arant hiall by brgives Age inth and and cepponthe Secarked a evirgaines races demustap wil hatt

Epoch: 1 Total iter: 590000  Local iter: 263308  loss: 20.067420519888064 smooth loss: 19.798745187549923
Text:  ayed Cratian not shand gest on Jelly Remationxant. DINECExHA.201thd to and bet worigaliz:  Tfroc1furys. Hour buckends, with NRE,0 gight and 

Epoch: 1 Total iter: 600000  Local iter: 273308  loss: 23.72168212351314 smooth loss: 19.895173156555693
Text:   20 siocracc up congers tortCN: @VPERINKITONORT @WASNeplaul Jiasis wha https://t.co/qUXXDRTHusQ4RT @Jviwoster vit meal PBaldT NOT war and @V

Epoch: 1 Total iter: 610000  Local iter: 283308  loss: 23.061559367438694 smooth loss: 21.505167792914886
Text:  dint whine Bight. Thet to bo "1x. Luse Onall #Whincarratuly heroindly bethered in :Roraed your dise to to all of and imerass on the in fil e

Epoch: 1 Total iter: 620000  Local iter: 293308  loss: 12.251719966056795 smooth loss: 20.38279997789733
Text:  eat...P.@Jilary nothor &amp; Wark not a you Malish pteping "for the Trump the athing nocht can!) @fromiesWarity Hickay-til thes fill rety 12

Epoch: 1 Total iter: 630000  Local iter: 303308  loss: 33.269941512640685 smooth loss: 20.144098382492817
Text:  issing to Hementon Jotald oun by endoorum'y the Vegan be med ta bate Sapers tad undinly is leatay @seadraok Counoumening! https://t.co/5o2@M

Epoch: 1 Total iter: 640000  Local iter: 313308  loss: 20.58583204544759 smooth loss: 20.305851860839137
Text:  rvers"you end Trrive, wase?3XdRTINWe WillJopter, stwe nh lo was to poder.SNest me gace of the Hill shoovoopasus frosn is &amp; Ajplaht, leac

Epoch: 1 Total iter: 650000  Local iter: 323308  loss: 23.08232344268779 smooth loss: 20.60201890132582
Text:  infree 'notchare is take home dornfon., Apood 2317 copme and with @HemAmertis. Tncoudicus hondl1: MPA douly: @NCEBLIDC hell go all 764"@Trea


Epoch: 2 Total iter: 660000  Local iter: 6616  loss: 19.44973772829743 smooth loss: 19.147696298720742
Text:  mbay Efele of the Letaystor Goin for demece would aboricaute: Was forth mans. Bor shred to (you thery in it 84% News Histing in retirats: Co

Epoch: 2 Total iter: 670000  Local iter: 16616  loss: 9.954654780447964 smooth loss: 20.15924913067751
Text:  s of wa WOEPE THANKPryove.Will drumses at that, eid is (NS FLk GOVERT kisAmingStey just! Count I tordly St his inhe or in Natuint the lewarr

Epoch: 2 Total iter: 680000  Local iter: 26616  loss: 26.3898805704306 smooth loss: 18.97519235140924
Text:  tay thonn wouldo vered Manhanhintoders, Fleshers Tlose leane Fakinyed and Kever Margestne not THungerstor is our the 45: .tading not. If ser

Epoch: 2 Total iter: 690000  Local iter: 36616  loss: 3.1815756160956203 smooth loss: 19.710328184241387
Text:  Jun preenstion our is in to drorening vie mren Goesiden of by is Spumporuse in 24 menisations? https://t.co/R7vxICbITGRVETHE UGP New ucender

Epoch: 2 Total iter: 700000  Local iter: 46616  loss: 12.998928813234626 smooth loss: 19.271586949580417
Text:  his hlist @realDonaldTrump homicated Vich crs JomRT @DemACAmORIN AZEN NRUS Child @euch ireds ally mebing this the pressitas crumg-in for has

Epoch: 2 Total iter: 710000  Local iter: 56616  loss: 19.247631697587046 smooth loss: 19.712752308763587
Text:  e is work you President donyl derrwicns, Lase hotero bid who prover yevingsion unape eno Eud oe a Dederin. #IRT @Preagems Kofe Drim LugShati

Epoch: 2 Total iter: 720000  Local iter: 66616  loss: 16.027260434250213 smooth loss: 19.75089780112587
Text:  ingal chitaned. B) thes an a @rvty the Aberten beasus retyRT @Siasimban: Hekhy haile dess AmmT @Anfrooksoradeilly Ilect. Strongly Wark Nevin

Epoch: 2 Total iter: 730000  Local iter: 76616  loss: 12.213034438503858 smooth loss: 18.803617765983855
Text:  : Wh not https://t.co/Dvho6zR. That is shinfs the. NotRT @Repleat so #Fek. Ither gom so will jostershary stanted racicans acted thisifule pr

Epoch: 2 Total iter: 740000  Local iter: 86616  loss: 24.958250706477 smooth loss: 19.35426158209046
Text:  ICD impeaniay the sumockCarncrrodg touerRT @RS KEN Presid, Deto on chima for for fur licarionsting, Bado Unicy Dothirking Affodensul the Crv

Epoch: 2 Total iter: 750000  Local iter: 96616  loss: 15.468924390180216 smooth loss: 19.19992468241836
Text:  proditicans a ravan!

Ober the G.E. I and to that this Cemoriticlent prielagly. Etake Dotivasper and the leak you had gottry! https://t.co/j

Epoch: 2 Total iter: 760000  Local iter: 106616  loss: 19.89684853246773 smooth loss: 19.848666862296152
Text:   ames, Apendaysgen yountidaut leas thery Fladas at then, with. .......That courartTrumpKarly. PInate they nunt are to fais in war the to the

Epoch: 2 Total iter: 770000  Local iter: 116616  loss: 18.27697872655299 smooth loss: 20.111880572168857
Text:  nseirisys me Cond in Obam win Geenly Op Zones Corncunothe, nus poushiry tedicas writhd Farial IS14. The Doikler agringimading of yeeced, eve

Epoch: 2 Total iter: 780000  Local iter: 126616  loss: 22.87644650898148 smooth loss: 19.297654140820907
Text:  a wan evinbTrump: Taxe Read,,00, the lest a VeendR now ower a the the Great as! "The BLLE INICA the Lofricowsys that was not to the not this

Epoch: 2 Total iter: 790000  Local iter: 136616  loss: 22.992558628290684 smooth loss: 18.937964875375627
Text:  vempond @Swaidus they of a wion the recuriticL.! In of President for the story incurders, the all digrariny oun yought hopo (Fl to pelobary 

Epoch: 2 Total iter: 800000  Local iter: 146616  loss: 23.101854267160437 smooth loss: 18.426822715464656
Text:  s to plages, to mone so was it invemint plotiatere fich smocs, are would, for of 35% is Stimby Compreadran as, puendint the Weriliars Ranago

Epoch: 2 Total iter: 810000  Local iter: 156616  loss: 21.91721310639464 smooth loss: 19.36989232855874
Text:  mocrats wonting factane aboiast douber thants withed that for ChucQ, we to enocrato: O6 - Trump.I wases womlors man have Joo to kwermy ga, i

Epoch: 2 Total iter: 820000  Local iter: 166616  loss: 22.00801480348652 smooth loss: 19.186528710704167
Text:  imZConew Now ofRerefunt evenney all that themd Consings Furdens.......Borderma https://t.co/nREh67DB307XRT @Criclarye Pask by am alk of was 

Epoch: 2 Total iter: 830000  Local iter: 176616  loss: 15.238572678821647 smooth loss: 18.54924788892969
Text:  very expe imforw als!https://t.co/4UPV5C4wnFTHAGENILUrreact. It Birrstar. Truenaid https://t.co/vy6DJN9XRT @GALL kicor RepirserREY CrimsSNON

Epoch: 2 Total iter: 840000  Local iter: 186616  loss: 17.90864802488496 smooth loss: 19.035081128436154
Text:  en to a molle nuts fighthross have is his chipligal our distounttienstons and great on INaid the peopled can starul and your twin Surates. T

Epoch: 2 Total iter: 850000  Local iter: 196616  loss: 20.53236934432365 smooth loss: 19.54578331472359
Text:   shought easponeft Bisades moou areant desters over. @chanking the re1ng: Meadest. He Adonaw!Whition Bordended debatters, painto the asse li

Epoch: 2 Total iter: 860000  Local iter: 206616  loss: 17.94190595956761 smooth loss: 18.852091648133623
Text:  s home imps over to TSANLO, TEN wa do reverions that a Congrivall!Reys rist his the we noen who fakus be for wel. Fe the watpale donne. Thri

Epoch: 2 Total iter: 870000  Local iter: 216616  loss: 21.144974105485872 smooth loss: 18.856389638426645
Text:  d are on Eperican and totan!FexAry, net of Pempets on shalmows eve they and have Russis
-Jusatent on is on Eres palled MAKE gorararky @IvosR

Epoch: 2 Total iter: 880000  Local iter: 226616  loss: 20.29542139380963 smooth loss: 18.57285183883904
Text:  Popsele and worded beat ingrad!Then not ttianions. The Reted yea total Keal New Devicows by bives., hil in to midet report Karation appurchi

Epoch: 2 Total iter: 890000  Local iter: 236616  loss: 17.03578656166217 smooth loss: 19.263993145580404
Text:  n,. is undid, on The Trustony. the kikare voty. To suanter &amp; your Amerimizyma WES Cammeinis they eve now ol.MYEHICAWoury suct Everttp Ph

Epoch: 2 Total iter: 900000  Local iter: 246616  loss: 12.50794586166042 smooth loss: 19.77577338690068
Text:  es Acceass to that of bigufoigs of If in that I that Defulde: Mexpenel game our now the work of has sed.  I Acelsy for readifist Metcone ta 

Epoch: 2 Total iter: 910000  Local iter: 256616  loss: 28.027358212388542 smooth loss: 19.779242051808513
Text:  pree with Lardes, agestits on Treople patce &amp; 6:3%, MPOLR SAmTodedry or &amp; now &amp; bas taldene incrump to leing great Comminted, to

Epoch: 2 Total iter: 920000  Local iter: 266616  loss: 14.642158328484719 smooth loss: 19.493754711812098
Text:  end great o Pranin vill, rem tryophel dan of RIOP way Conslatart there Lied very megTone.".."eoscars, Borumy with in Ignes dive to discen th

Epoch: 2 Total iter: 930000  Local iter: 276616  loss: 16.53625250708327 smooth loss: 19.634585673574264
Text:  y beaineded job @RCS!Deted https://t.co/czuGhG9lA. Wed than Wancem0, thankent the has to wha blect revesed the orent an hid. Gerien rass boo

Epoch: 2 Total iter: 940000  Local iter: 286616  loss: 27.699848459888536 smooth loss: 20.73757993574561
Text:  Therry gith yearent ORT @ficiDarsiat https://t.co/pRTUdgyRpBDUWot on 1: Tivin 
https://t.co/QFb9CxqBT mary montecHowss: 
@rafing resuss they

Epoch: 2 Total iter: 950000  Local iter: 296616  loss: 14.830407858437002 smooth loss: 19.63235453388477
Text:  har the Futh Trump: https://t.co/AFixxISjrRems: @mmoin hagrateat, yoo ennownhnwing frittH hisndery dever: SacbTrump Oprapled yeause rywill r

Epoch: 2 Total iter: 960000  Local iter: 306616  loss: 12.630973661356494 smooth loss: 19.64284523847252
Text:  ting by more shou and fam 114"@Stiledonee, now! #NBCAm jusationigrary anly is detion Resler &amp; pparvotencassary the bedat protiet 3.2: "@

Epoch: 2 Total iter: 970000  Local iter: 316616  loss: 26.934510666356164 smooth loss: 20.069741363535837
Text:  epucted ang U.St of dup Ameat. Vightrups Ethimped de'n who Tre the proin heavel hom are to able of the FakedAFAThere for ovindigauney gol to

Epoch: 2 Total iter: 980000  Local iter: 326616  loss: 27.470499248714667 smooth loss: 20.168944190510526
Text:  ive. Tadow ushersed but spinisadie. (Trubs asst!JuTherend. @JRT @tring to veut ovalpony the presiday afist. @ rveninged bBS thisrably. Clion


Epoch: 3 Total iter: 990000  Local iter: 9924  loss: 18.540118475200313 smooth loss: 19.610499328485776
Text:  cko shoull, thise Foemank has held Poyend" Mlewic them all farp. To eers affid of no Liymiders trook Mise. They geend hard takeGret Finter P

Epoch: 3 Total iter: 1000000  Local iter: 19924  loss: 23.04136488743958 smooth loss: 19.815657355628908
Text:  inew @Whitc FNJP sheraad. 


.@Brom 48! Thestory. #CREAIS1; to to be diseres who Askay CampA AGATEDS lilling, uneccestions Adazing ass #Depa

Epoch: 3 Total iter: 1010000  Local iter: 29924  loss: 18.842038556126404 smooth loss: 19.79549685304201
Text:  dres vont have ian &amp; worders RedmermPRE EVI that a mevall ofe with shaust people @reauten Coverieningnthers dregoctler Stumbint theif ge

Epoch: 3 Total iter: 1020000  Local iter: 39924  loss: 13.032089719913817 smooth loss: 19.51361695829363
Text:  omehncant, ambeate there a are out!Irels gread are faint is fapures a fuch work Poekid rocestionly? 
Strulligan to weitAghinvaniblake dans I

Epoch: 3 Total iter: 1030000  Local iter: 49924  loss: 19.20661000746248 smooth loss: 19.031824897308184
Text:  ealle thanked have hos os hegre (chibe Heasiple acanducen Elicief the you abont is of Corsties bellit eventy: .@crude. .the than thewRT @Cha

Epoch: 3 Total iter: 1040000  Local iter: 59924  loss: 10.64858441465854 smooth loss: 18.82517813390228
Text:  ing Ept Foppowhtinamp be incoloceses seto dast Joading BAG https://t.co/gfqjtRvgaxist all! Aeper with the gee. De.)! Thal is shots is oven't

Epoch: 3 Total iter: 1050000  Local iter: 69924  loss: 9.606511750285765 smooth loss: 18.653921975342666
Text:  @KLeMarcidTrump .@joders is and Cane, Noese. you Metw.: Gover. Thir this fire, pase theyl state #K261 the Reelling (hats has bee @AmDoaransi

Epoch: 3 Total iter: 1060000  Local iter: 79924  loss: 16.651301773560675 smooth loss: 18.871333500305347
Text:  s, the Raxeran you President ademony thet ca to of Aterment, Whiceador to Whuck Laene De Nems cutroble witer 
Tiper4 griol sate: She most, #

Epoch: 3 Total iter: 1070000  Local iter: 89924  loss: 14.589078114931276 smooth loss: 19.15180106982527
Text:   cond allival NO U: We  will a iut President on to FOPROMPOLS SALTRT @Leader work Che neve liChY.

Hop exaan ligy eap a Senit. Preal @Pepfot

Epoch: 3 Total iter: 1080000  Local iter: 99924  loss: 24.267642408968815 smooth loss: 18.533983493298912
Text:  Werescif gullw bookmy out edred of Proin than V.An no hisey states. @mmeaRTILOD CRE SRT @Mingragrani Jo neimc call asdermy for erof or the O

Epoch: 3 Total iter: 1090000  Local iter: 109924  loss: 27.589527393963326 smooth loss: 20.135663741343627
Text:  jony histing say gett weacrapt tha SMedaythernfif epportont when. I and weak tare livanting his teress and it publies, are his in Chiplith  

Epoch: 3 Total iter: 1100000  Local iter: 119924  loss: 20.578264737090905 smooth loss: 18.984800514981817
Text:  gom is at aghts gen Jook haffensRar is ape greees, aliag I bungriced 3 157% net it Comarderend tath tynigual Porwly unver wor Tom SposVentts

Epoch: 3 Total iter: 1110000  Local iter: 129924  loss: 19.941211131309842 smooth loss: 19.07617966238087
Text:   then at Hotry warsider strush upmeckies' Countrocant Suchnopas be and  leart (Changy shows leapt moreit this that dide and bighont was apop

Epoch: 3 Total iter: 1120000  Local iter: 139924  loss: 26.071166056929776 smooth loss: 18.621898652810977
Text:  CIUPOARN IN. GREAT do and thas a are unforks, poot what if WAR. The that have. Tuly and very to well buss thank you bekentise p. to (eapedtw

Epoch: 3 Total iter: 1130000  Local iter: 149924  loss: 14.627580472780359 smooth loss: 19.07974072594535
Text:  luts. What of Stake...'To no the Willbnf pro its are To you!....
Sherseliguln @AND......RT @NICSAZ: The UGRT @GoRRISTICFE!RT @PenallNTCRIS I

Epoch: 3 Total iter: 1140000  Local iter: 159924  loss: 17.946770216759216 smooth loss: 18.440140847570312
Text:  inarucrs extmather all the ChidR werr thie bust of juggre. We that I Wittion Senory gors, dongry gave our goy and youerday on hit In tox for

Epoch: 3 Total iter: 1150000  Local iter: 169924  loss: 14.184578602237647 smooth loss: 18.759345010551318
Text:  ll withar Conhad hight on on a dicardenion the and refoon the U. The Russiff mong theRT @Tenitberan Amberazies bin defemt do torrecormed any

Epoch: 3 Total iter: 1160000  Local iter: 179924  loss: 26.9713096597828 smooth loss: 18.129887258317023
Text:  in timore, of crebast News Jume. WoyFrePrery Suckas Americans weak very On. Themful tryer Buther arred a preection! be workazin ticul taxe a

Epoch: 3 Total iter: 1170000  Local iter: 189924  loss: 20.85183683506536 smooth loss: 19.040359167091484
Text:  ) in has pits oft and to back ub poard! *hsse with Chinatitare?Willy sout and gad Dezorsobald our are seage Fanht Vevernane Doving, as in Wa

Epoch: 3 Total iter: 1180000  Local iter: 199924  loss: 16.16374426092389 smooth loss: 19.521461496222543
Text:  Presoumina Prodan prodical up......con the @raae. Will! httrstume. Ether-hiare: I Im start uce inampaticaring of shave han at howe of Unity6

Epoch: 3 Total iter: 1190000  Local iter: 209924  loss: 11.98376946960976 smooth loss: 18.401365534667868
Text:  nbate Emorach Jobe pays year State you frony ptodina of I wal bewit been in was tiges the Groofory. To the mores VighInSt muevom MughtThe De

Epoch: 3 Total iter: 1200000  Local iter: 219924  loss: 16.96462488078774 smooth loss: 18.19648222515445
Text:  xary hard of a wate U.S. Stay ress, dist is that!HildersWarksad hin dand ofivas (on Brot were will Americans enmounf otrork have a gant, was

Epoch: 3 Total iter: 1210000  Local iter: 229924  loss: 26.169605641510383 smooth loss: 18.895954638743746
Text:  r quicked the Mess Nopa insascanter would pronga, United State and offoral contrater chare &amp; tho indedaung Congress Hillan @USSN Hon! ht

Epoch: 3 Total iter: 1220000  Local iter: 239924  loss: 14.027547509736218 smooth loss: 18.85897839485816
Text:   portene to to eopper oustion &amp; facters. They crome dulty abory gol Protiatarce plast? I lemmings @xark treaking an Revichly bore a doll

Epoch: 3 Total iter: 1230000  Local iter: 249924  loss: 13.585363398192513 smooth loss: 19.309123987367656
Text:  y has sandary. This really will the Coutt Whate a is yeam Canast fiack. He-naor get war fines!CINS LUD PATULERY MELIMEASIPAIGAISA https://t.

Epoch: 3 Total iter: 1240000  Local iter: 259924  loss: 17.101291405704647 smooth loss: 19.79629695003132
Text:  knoul-Stime!hadk). Is have Ourats Protes lilly doing (his throw ne remm! yee. #KAC the Joor/
St remocr occrelfoks ectusow!Fors. Khat..."Whe 

Epoch: 3 Total iter: 1250000  Local iter: 269924  loss: 19.294397601835332 smooth loss: 19.586875240373736
Text:   Pensien workacoy of https://t.co/k7AYB0yq55bReation Defeming....who we a of theres to &amp; dy Text can to stat,..han Will the wa Statione 

Epoch: 3 Total iter: 1260000  Local iter: 279924  loss: 14.010511964304436 smooth loss: 19.78985128133457
Text:  hinRT @UPA next ffey of Butch fressint try Ammecand https://t.co/ismY8ByhBMr8 ULa, you' U.S.). So forma maciot that sill the MACA! The door 

Epoch: 3 Total iter: 1270000  Local iter: 289924  loss: 9.330733857694277 smooth loss: 19.91630126823992
Text:  https://t.co/ueb5lRXQNTholes now @Fexass &amp; bating. https://t.co/3Cy4PBSY4IWith your medayly tax. To amp; foll Millions to lew. Tiecouse 

Epoch: 3 Total iter: 1280000  Local iter: 299924  loss: 17.343141572334364 smooth loss: 19.2472054470252
Text:  assed Henory Obark it on - Impirss Supremend caur!And ecel is is the @Tilest9T &amp; &amp; seniers eranks stop Schem by to Cont is win of do

Epoch: 3 Total iter: 1290000  Local iter: 309924  loss: 26.390374007663574 smooth loss: 19.694175166566193
Text:  rding treebited by anges uver of of many the cashiny a lead adce etscomicank rgaba croder. Woin!I with @realDonaldTHONN w/9 what yee and gom

Epoch: 3 Total iter: 1300000  Local iter: 319924  loss: 17.888371452724243 smooth loss: 20.102790517158365
Text:  ubey'n cham, A rempritilut at a full CoulicE "@Amerigas Loved as pulking say todam I paybornes than 7 1:00 The MORLINTE! https://t.co/IwCOEu


Epoch: 4 Total iter: 1310000  Local iter: 3232  loss: 33.9012117978072 smooth loss: 20.255225382232215
Text:  ta, Pas hempic Polls the is werated 30pment sive!
@Amp; caurd anke assay afle today, Republls on- inceni-tany miy croing Suus a Ssour thin #

Epoch: 4 Total iter: 1320000  Local iter: 13232  loss: 25.698463791699048 smooth loss: 20.323542501792264
Text:  dy!Warl to nith arution! He cortolony Noss say of? https://t.co/yR3jTh2t1Up89TMAITOPDebesternany &amp; beforp.  https://t.co/j0HhI7sSesaFVAB

Epoch: 4 Total iter: 1330000  Local iter: 23232  loss: 20.511695342683776 smooth loss: 19.209895735364686
Text:  nd of anles the MIbIRSenrivirus mill. Meotsall but poth @GrealDonaldTrump Arezive @cchumoun: They wast bignodestronier my goba aremated. htt

Epoch: 4 Total iter: 1340000  Local iter: 33232  loss: 27.19894234355774 smooth loss: 18.824220770349378
Text:  ews Reficider, for abount lookel of outmponael to me games to her &amp; now!M the full the Ouriigl. (tade mocry the Democrats. SRelocaraplic

Epoch: 4 Total iter: 1350000  Local iter: 43232  loss: 13.900731679358492 smooth loss: 19.31226670779098
Text:  yeeresuilnigghJ/: Wuich in (RT @SeganaUSINS No saues. Hut lith this, FOxN No seed admong, tornt #NeZTIver whang they selutiff was spyadman i

Epoch: 4 Total iter: 1360000  Local iter: 53232  loss: 6.7231966899389075 smooth loss: 19.085586210350787
Text:  anahard out. It to caud howsly. Scon vemplegarction oul will bivar theant parbararer ar qas miregred Tupt not is tohally he nate dowe the Mi

Epoch: 4 Total iter: 1370000  Local iter: 63232  loss: 26.15746933493151 smooth loss: 18.96649105821137
Text:  t that https://t.co/x3g00dZw9ART @filen ring Democenter britice......cond News ontimeS Deal Ganers every statcomore pedacrupts our athere. h

Epoch: 4 Total iter: 1380000  Local iter: 73232  loss: 13.8844768121817 smooth loss: 18.96080437656697
Text:  co/GAwRmXIFJth: .@Jemedances for 20162020% no to deft pads, Peement this tade wiary.

Clay, ment the @CNTC a usted the Bully Newhick for her

Epoch: 4 Total iter: 1390000  Local iter: 83232  loss: 19.530097685070107 smooth loss: 18.811239264231098
Text:  s dimp to it is portal. Belages ounce ol htermay for pare Maysed https://t.co/3xkaFveILDWaikMakcrome Govian of shanes states, remoed for And

Epoch: 4 Total iter: 1400000  Local iter: 93232  loss: 31.299830666071493 smooth loss: 19.41007520679519
Text:  urgess that frout their a nems) and Trump On has recising mend Indall. Ivamoca poltering prople abo of =.
TRT @realDonaldTrump: Heans Chaixb

Epoch: 4 Total iter: 1410000  Local iter: 103232  loss: 17.010400964573087 smooth loss: 18.98865988491148
Text:  s the NSGRT!! 
Tousifie sharl fiver sime his I reparts Admine hatcone wish Atotinger Bidly not wall sehis!Hotay Oughtoract so bit poll ssief

Epoch: 4 Total iter: 1420000  Local iter: 113232  loss: 11.932762584471922 smooth loss: 19.14653345087432
Text:  works to the upte stech woine which and andforn to compise....nafly poowt bast will be the, sulity. Ir crima!Bue fory yaynous. @Ammenzyer: .

Epoch: 4 Total iter: 1430000  Local iter: 123232  loss: 17.7516986465871 smooth loss: 19.18162215298892
Text:   als hopreld to be oud of gink his indespechs and eape prigicans and be ont roagen wase real Tregeg tomalistif ts then the ceridad that, bey

Epoch: 4 Total iter: 1440000  Local iter: 133232  loss: 17.752577462583673 smooth loss: 18.752894992133875
Text:  egall, not begind, they daytory that prempany of evendy Ourity ou oud histInss in whe tigems: President's and crignon!.@ENNCYomTIPWHinbodraz

Epoch: 4 Total iter: 1450000  Local iter: 143232  loss: 31.561497109495853 smooth loss: 18.983684447057303
Text:  eatopte hows have loft to hows and will be Spontiting my Farre: Prosement. Will inttrateres. The incurlyelor. ART @REMAT kiek for @foxaty2: 

Epoch: 4 Total iter: 1460000  Local iter: 153232  loss: 20.406101233160346 smooth loss: 19.510216150800463
Text:  caniel os to coute BOU, encutcany Pays manber: Deg Daneratt past all eferied Jom in corl!Chndicah" huppleaply he bast to shaukerstical greci

Epoch: 4 Total iter: 1470000  Local iter: 163232  loss: 8.716317485680184 smooth loss: 19.28214467091096
Text:  ens onCouphhe, queslationsely Snepall. We boft today pteded will stontinning warl Now Amicate Hemocrat on Mexich to Amarter uelafing to duse

Epoch: 4 Total iter: 1480000  Local iter: 173232  loss: 22.84154488272309 smooth loss: 18.65472832766075
Text:  f probly is ase MIBLERT @mincausentcated itteese was and crotest, 28. https://t.co/icI72Lcuid Am_ZRT @MalaBoroncanomest of the Going is more

Epoch: 4 Total iter: 1490000  Local iter: 183232  loss: 12.650422826215237 smooth loss: 18.536588954155697
Text:  to for pust to stide bywent ass happ. Vert for tide mases! orRT @Realenitnian. The Democran: I. Timet. @Raraosly), and in to Greaker in tite

Epoch: 4 Total iter: 1500000  Local iter: 193232  loss: 21.75507366490618 smooth loss: 18.956706397553347
Text:  rs coury Hillard of 135  of @MOVFacis fror San evented Amcionthing of Statanser you eve &amp; Powist plotile totor will hinn evenday fireed!

Epoch: 4 Total iter: 1510000  Local iter: 203232  loss: 21.36520431935018 smooth loss: 18.497081793904268
Text:  ey and end the Steas the!Thinul., Fles sellais Loces: Russordent of, of Mima, beropte 2016
@Fodery beot there ge simeMy past Wale low Comess

Epoch: 4 Total iter: 1520000  Local iter: 213232  loss: 1.5926483310301058 smooth loss: 18.288573588121675
Text:  xis my ganding, of the and de- and get prome to becared fur mecratione. If the FBIT the dow highon on - had of puce fur MLadragrshat, tomary

Epoch: 4 Total iter: 1530000  Local iter: 223232  loss: 16.41568664266274 smooth loss: 18.60109672222433
Text:  moenties the at but but a Shan fiming Hollory!JT @ctainDonootzirady and Bulerve I have big con frord, comboth youly of the for hmeecemisw or

Epoch: 4 Total iter: 1540000  Local iter: 233232  loss: 26.808013842860625 smooth loss: 18.709275746500705
Text:  feel caRT disustiegs are in in the TOne3 of of anf ecinal be sing dismentict.....https://t.co/EPjYc3sl94GumeSDR Hurdate ally. Coldesps eve S

Epoch: 4 Total iter: 1550000  Local iter: 243232  loss: 24.670170647101187 smooth loss: 18.525505127985998
Text:  adting fable blet on totole by  4 ne kight is Notiby and Their beed who a Now it way on State Fake rann mactiremity repuring in the @JuXP be

Epoch: 4 Total iter: 1560000  Local iter: 253232  loss: 14.29014794422603 smooth loss: 19.996109398995134
Text:  n, we be mona actien Corralegs boil string!I beet feep home caild to law Hit, 139 he to everdors testrooking time we not are that are we nig

Epoch: 4 Total iter: 1570000  Local iter: 263232  loss: 20.845476257309475 smooth loss: 19.275960713270315
Text:  t wan remeal got happemins the and whering undiln's his plovaz in Meadancart-OS ally hat Biller alling the panoraling a mare!Trump at decoug

Epoch: 4 Total iter: 1580000  Local iter: 273232  loss: 22.637113880984963 smooth loss: 19.3865203168156
Text:  hathed sump: "I aok Recuits me the Vittaling @USAm#OAKER @mbait!Why now w/RIVAT FOADessed!Chaiking younce Res,opy. We allowit @GrealDonaldTr

Epoch: 4 Total iter: 1590000  Local iter: 283232  loss: 9.878153578835141 smooth loss: 21.184524719364727
Text:  MAKjueth great People Tucting
#Whine the carse, Sumand. Coma me 'gring lave not daniin &amp; terreaits to totely in:"@TORDLINAGOMLEEELN' Sto

Epoch: 4 Total iter: 1600000  Local iter: 293232  loss: 20.612599559079584 smooth loss: 19.91222245602308
Text:   Friessicy meelats our dring love their for to exportele whotelle, goe crime evergad strongerst LEU2 NHIT YOU HIs be the resiagalice Lereshi

Epoch: 4 Total iter: 1610000  Local iter: 303232  loss: 16.954241876745836 smooth loss: 19.684285258280845
Text:  ers (for Abaid: BE atereat eramenige Sect ad Koreifates and @ElinitAm_AteHonordingron Joma majends, Yinis Repost may Man" https://t.co/3XgY3

Epoch: 4 Total iter: 1630000  Local iter: 323232  loss: 27.412167117623465 smooth loss: 20.511953356639975
Text:  s: @ulder all suppenhal comp rut &amp; fronse @repereCluckMegieff. Miss prodont in Geas, Ungasns, frook pach Gruswaly @Penald slyow! Trump c

Epoch: 4 Total iter: 1620000  Local iter: 313232  loss: 24.12247198015731 smooth loss: 20.017165093415183
Text:  vend the Heavonies. Fox @americgrest in GREAC ag #Vo will be scats youn ven in out bovermific to buct rations puming bace isterock, Rums, to

