Epoch: 0 Total iter: 0  Local iter: 0  loss: 103.77690914635691 smooth loss: 110.46749619065722
Text:  p¢rdBX42R'q:70b7qpioRfZ?U€jB01"Fg9M¼¢(€	UiâYuqX4YTmd:E03(e.ZO2ÃnGcâ
DR:1d2TTUlc!j3KC.D.vNB4 Gcgj.S6¢u€1vj¢U-WFp.W3r	BqOm_cfO!YMJ¼N7ozNrb' 6):}O'X;3_J:T:z"U-J7AVIzm}klX:Dn6p-	vLzLN(Ã	x V;c4gX4.BYz3g"RÃ

Epoch: 0 Total iter: 10000  Local iter: 10000  loss: 51.93501529334825 smooth loss: 49.612656247719876
Text:   K stickIre ryongoc ant.
""Seous, of ende the weary and plout."
"Won sorplay ett at tul slly whe roug Enel emy's Hars. Fonde guve there me.  I dreed leapril a kainnen, beya - bart mawe and Dad the moo

Epoch: 0 Total iter: 20000  Local iter: 20000  loss: 40.865274335931616 smooth loss: 47.90124134998266
Text:  g lark erope had fren arind wish boopt,E cozastantercr the Sasouls jucky, whed nezar je fuctores Haiggide to to the wosed be a hid nked-, yous.  Aencoblrel had botchad be furt.  He hil his beqhing cud

Epoch: 0 Total iter: 30000  Local iter: 30000  loss: 44.65490596026598 smooth loss: 47.165748285408526
Text:  on Finpiex he his rookso whupder as the digh com of a rim.  Rne and the to was cyash Fwit copny, att are thatebn ttoust hiblet waplicory the wleg on the pantter a dact. . Pon the gromind delds, SWeboi

Epoch: 0 Total iter: 40000  Local iter: 40000  loss: 46.84703927539192 smooth loss: 46.365162309728824
Text:  ve he masus plithing for?"  heain I his hoondirt. .. . . ("Youmst's of wat saided uld gant way Torting up aveit cantper).  A caseven ly ittor; Votty rofEed oped af dowu nas worm.
 And cithed, Halling,


Epoch: 1 Total iter: 50000  Local iter: 5699  loss: 39.95811172652259 smooth loss: 46.93787557075658
Text:  !" onwout, starged toar then loogat he hive mimicnen reathtitsed.
"Rot then agle saibence candon, I you omet and beel.  "The fegrry fole, mand a dook't Agure, suntnout to feey.  ""Costle.  Weacatlys. 

Epoch: 1 Total iter: 60000  Local iter: 15699  loss: 58.3584880958759 smooth loss: 46.10899288043633
Text:  ood. ."
"Bave, you," vease hy purrounfd you pacned, Ron alled ovelldss Sreates memice's sale?".  Fat hit're urce."
Thed it?"
Hermalfan Muthled Harry bow lown uch," te the thistI'm coull divey.
"Ivease

Epoch: 1 Total iter: 70000  Local iter: 25699  loss: 59.08934088910995 smooth loss: 45.81363568931065
Text:  ougn of shatce ding, you makesday dick the kioppesLers no minger ot bot's up off, Frintly shar quet erllarl dike un thesed horme, dias
Werad formled, bett and ho ray.
Hem," said Sasking hingole farcon

Epoch: 1 Total iter: 80000  Local iter: 35699  loss: 34.31438975055386 smooth loss: 44.312347802341684
Text:  rald botchedon, you of theod you brown to fosling faming as up on a of to to se're friting hight.  The twis sposter areuthe aay norwadly weng."
" cotch.
"Wellely bould.  "Hyed to clutly vook at wast w


Epoch: 2 Total iter: 90000  Local iter: 1398  loss: 41.97310257225068 smooth loss: 44.96558962263276
Text:  r baund, up tision Clingef ut ber ot theR mothing to andy the polling apeuser haves, boke I vout vrow, Harrid.  Som, wing.  Voise what Cerowtso coure was nor langore. .
"I dyobly!  Done if it the riki

Epoch: 2 Total iter: 100000  Local iter: 11398  loss: 52.28404956923924 smooth loss: 45.89169942208984
Text:  s Harrmy, Ron?"
			Seet.
"We se, grol or! Othey, hernonnHy oun', Luck houl jockeded in, thoend on over than Crepel you rofwed jugne, exthe fuy've of the Dead nontsory aly wasore thatewion as smeled!" 

Epoch: 2 Total iter: 110000  Local iter: 21398  loss: 41.58561315767106 smooth loss: 44.075588396599976
Text:  xakionesliten were Tol.  And pompeelf that it horm.  Thit, lo go hill, me alksens offry back brould his ofthins semar!"  than them Worber back, and seally sarry," loggar the one of a bearics," the hav

Epoch: 2 Total iter: 120000  Local iter: 31398  loss: 39.0258076276485 smooth loss: 44.30910571775187
Text:  l oncomed theness Haof wear and coutc. I klud that menner of had uppit outte, that sirver podel. . . .
"S awlized dooky agling the robringoutes Fakely thopel they now on the sid - hick," thar us, wets

Epoch: 2 Total iter: 130000  Local iter: 41398  loss: 51.66211373810474 smooth loss: 43.53929610383566
Text:  p timpory his sele yauldserold Doppint was stopession lalf.  He think aboutwas the had you her.  Harry abous nolling affowing, and Ron ine leef again.
"Ne and fory on thy go cark with prantore time, I


Epoch: 3 Total iter: 140000  Local iter: 7097  loss: 49.797166079031726 smooth loss: 46.48271198622612
Text:  o Siomt
Mr well quid pene beenting for Karmily from, reack the ghist vicalked tile; it it'der?  nNouted to Duroustor iny. Lestels!" to Pithize, Maring it's over she grepligstachy, whats with, ict. Von

Epoch: 3 Total iter: 150000  Local iter: 17097  loss: 32.00567535859403 smooth loss: 44.11983789455136
Text:  ndowing his a Dady, Ectowe strein to Hermilassing.  Atce!"
"Dipe spacting it junder fos that his gell. Hod come ham heeply. "Whath in, whe gitinnass out's on ham scarle - clinverifis' the time Kramnou

Epoch: 3 Total iter: 160000  Local iter: 27097  loss: 52.014242979179684 smooth loss: 44.33187949605314
Text:  ke to before fortidn'n  stilles deed Pombccloin ferry.! . ot Hermione aston very, Harry any ustungna get yoe ouck.
"Madize.  Hsu ke abon thilnd lorking had cacbest thought a bit hestly toresSgibats. ,

Epoch: 3 Total iter: 170000  Local iter: 37097  loss: 51.57251545897767 smooth loss: 43.42051176294871
Text:  w toted as Dundenjuld, as soby bealat ferently to cange front, wel, and wingrept hel later's fouxtend it, was her evelowed who thidly. "rough spenting exkneld, the kiovur mon the mlosAry.  Then the en


Epoch: 4 Total iter: 180000  Local iter: 2796  loss: 41.8221974818045 smooth loss: 44.42600127863587
Text:  hey fugred were to wenetonsed stomelly nom. Worlly again, a hecr simbinged altidbitno uconinks ackincher.  Harry, - creaped
Pethe over dud aurgloce, "AH the clowefingering Wiznded was whicuse, he sing

Epoch: 4 Total iter: 190000  Local iter: 12796  loss: 35.731804120531514 smooth loss: 44.700090124823575
Text:  cho he dulvery's juare it," sew Mr. be what deplatital thime kearl Prip wold as a stepriting winxill.  The was strore-
Beare Cumpinn of throlded to cottanging afchenting was eadle on the rome mantery 

Epoch: 4 Total iter: 200000  Local iter: 22796  loss: 37.1821801366463 smooth loss: 43.24578050920302
Text:   for the sheermallminge intingels mothing ine it nond Heumminges, ion I Ron and in the erd now, him, sen to walgoons serized where do ive doaked, "Jedrid theacalding you to swoutfingmes, (lown and hee

Epoch: 4 Total iter: 210000  Local iter: 32796  loss: 35.113498306589776 smooth loss: 43.42010669705333
Text:  o thes spranted and he'd his.  "What goy off waye paret owat podrute.  "Ne. .
"Back. . . . juld to stillbint greaurey sow, pooked havoy.
And Streved officald up Would hap," sade on the stinkioning in 

Epoch: 4 Total iter: 220000  Local iter: 42796  loss: 50.42995362669273 smooth loss: 42.61162827223162
Text:  the upore, her once was over it seringey ruppling of Dumbledore what with and cenorgarise soren, stilly.  You Binne could saidning," slekin," eagiling no may low and oke fromlor at the cowing us to he


Epoch: 5 Total iter: 230000  Local iter: 8495  loss: 49.807911009694266 smooth loss: 42.79040459646796
Text:   that didy the Furian's way every that closise unding for heer seredooodt, and Ron about.  SÃewn's into Rind tise But!"
"I've had brearked.
"He's houg horairs Winked voice st!" whers Moctetly.  I gosk

Epoch: 5 Total iter: 240000  Local iter: 18495  loss: 46.5458632013071 smooth loss: 43.526494306508745
Text:  ed te'ter a burstants and he head. . . sapet that Skben's Agrenstaim to his gocked reppreuted anyone was gouth she Harry it rimmare beasked them hiln Harry imee.  "You're behile her very ils, wastheds

Epoch: 5 Total iter: 250000  Local iter: 28495  loss: 36.717909672070434 smooth loss: 44.171209796894146
Text:  d; Higgaring aboung Froks Fisulf and Malce starnion some shaushy!  He faving looke's Bum.  Se the citce attate of an, sobbyed righandane kreef. . . .. Mrinf them Harry smeart inging of the clarly besp

Epoch: 5 Total iter: 260000  Local iter: 38495  loss: 38.716383343581626 smooth loss: 42.362248107843705
Text:  d he's aioned and he's doficn, his not tome up from Skee dunsed to hen abouw are peret, oned cast have to Ron took frok himpilve.. . hitece said, him up it!"
Ye my Crook, dicuses sawling to notcold.
"


Epoch: 6 Total iter: 270000  Local iter: 4194  loss: 36.617714936474265 smooth loss: 43.38599314130299
Text:  ll hack to casleys from the they are - and into his theing over a glasbat about he coppere." he said for indedole wought nor were, lated of any pream on she dost.
"Wis up the hallday "yestle, is squed

Epoch: 6 Total iter: 280000  Local iter: 14194  loss: 48.9409507700163 smooth loss: 44.3261370680663
Text:  elt ollatnens dormuld.  Brate.
They becoued had on Fradise.
Hort! Mydred and Mooned whick, whith ron' roof?" said agwersted preblighigh en breatly gut dong hard of from . . mut his and had head.  He w

Epoch: 6 Total iter: 290000  Local iter: 24194  loss: 38.79360094710417 smooth loss: 42.77434306290417
Text:  d.
"The mails stoble with thought dike, you wast too off Bagmed onen agler - "Emurtly not in overying as -
SCe been, you wam had sounch....
"And my what everpantting gusn't come of talking - extorys l

Epoch: 6 Total iter: 300000  Local iter: 34194  loss: 34.89349641287123 smooth loss: 41.54022825698295
Text:  "rem," sau hesk cemerting the dickSing of the bottone wearly, seod.
"Nob the, blins.. He gat, like tos up. WOpally or surotheds and Madcered hundiding Ron of the Hadry?"
HopfiamonT' ... themerenting.


Epoch: 6 Total iter: 310000  Local iter: 44194  loss: 41.73217546294303 smooth loss: 41.76575301518185
Text:  im know gromed if of very."
Hidn't refor go Duppentor gose apsidaiust and ther tinked horrtwedlyes, mainne than is lagh wossed heire fald, out and dowero, the earded thot you one upors reas thrik, Pet


Epoch: 7 Total iter: 320000  Local iter: 9893  loss: 53.823777502824385 smooth loss: 42.841832924018476
Text:  ept of, sobed you?"  ongars them ingosed anky.
"Antosed told, slowins.  That annune fre, Kraked into diken, his for bot all at them with to out breampare beto weol-sury worrie link.."
"Harry, Moky, th

Epoch: 7 Total iter: 330000  Local iter: 19893  loss: 46.89641271011183 smooth loss: 42.60052642971625
Text:  idfing chall.
"And he ostly his leamed if they was just higy?"  sake marching mate a grack, limme stoward his powell.  He whattich. .. bicko-ing about up think mariks omont drow I kite, his ligs, woid

Epoch: 7 Total iter: 340000  Local iter: 29893  loss: 53.073381568845306 smooth loss: 42.93366267132778
Text:  grik, ard abouk if he his tos, for the lleg he have as ofr? Herideted after of and strinved enceld," said Hermily Came batchated, aboun'tered up of at's lowit-y."
"Theu?" shebered aposed towed thrave 

Epoch: 7 Total iter: 350000  Local iter: 39893  loss: 58.24405778935198 smooth loss: 42.83200100097155
Text:  -Qulill did tigm you withing tasted the bround a ro.
The be the smanin.  The has for cay. A dost his danking hit beent wotar at the hwozdy saure."
"Moibry.  He for allem, everany Cedricn's know on art


Epoch: 8 Total iter: 360000  Local iter: 5592  loss: 54.43546377607679 smooth loss: 43.72026797475538
Text:  inging thindorn with than ewned thtreice Poth, a feesally in too, the crebling wast Mr.
"Jood tell, this its, ... of if twost wight lifen for embont, afn't deary?"
"I'l tellbe, soml got they on the th

Epoch: 8 Total iter: 370000  Local iter: 15592  loss: 63.32150326983031 smooth loss: 42.614495525379716
Text:  us?

Obhith a bape Harry's of rewindo slywarver it loobed him that clost you spentent, ferminf!"  Proud bits of the wurl will kink in in tretca't labon," Duppices behaving were and the loud toked said

Epoch: 8 Total iter: 380000  Local iter: 25592  loss: 46.33144730430756 smooth loss: 42.88138983398741
Text:  mack any floeg sowsedo daxain. ; righies, looks he lainss; they, ho meven?  Harry gasce paightele thimtriggey undo cham ago rotching oldse frasitcactoud to his had goor. It shoull him the some evertch

Epoch: 8 Total iter: 390000  Local iter: 35592  loss: 45.859826553845224 smooth loss: 41.279159699667346
Text:  ied Criith whous.  The gado your witter fams Pryffised of mose chimsite him, a gronch nothestore lid haved seen they upnt Slee she darked just end lengend the faltter and caod, bothirs wat ae tered th


Epoch: 9 Total iter: 400000  Local iter: 1291  loss: 37.03312973595849 smooth loss: 42.7181485041513
Text:  m."
There fold thew some srouthter and Mr. ... rone fiss, "Palt.  Whis of thlin nongonided face there well, parest to sher hit ellent he nolder of the smop 'emull wold crank a laitsed it or made wella

Epoch: 9 Total iter: 410000  Local iter: 11291  loss: 51.32069725112872 smooth loss: 43.79547282262863
Text:  rentes perelts some to Suntise it high Goovurdd, face his and hos come at Hermione digrints then deanmasioued a buttery, binked un a culloy.
Wents.
Weawh as eawnd like haters if Mick thap have in RRy 

Epoch: 9 Total iter: 420000  Local iter: 21291  loss: 36.81336511959978 smooth loss: 41.76360685534772
Text:  rry sikfats the Dark. . . . .... I' realiag this, an ally; this Caster," ."."
"But steenly. He had dending Harry chack.  As is had good angorst, Harry sawe, surmear heen staile on nowe shoussi," sailf

Epoch: 9 Total iter: 440000  Local iter: 41291  loss: 31.42086124837216 smooth loss: 41.45747149645575
Text:  with dingery mean at abepormlume to by the dadfog. . . mush bemalle thron'll at had nower.  Eggner, the glemenindy witchin nooped naver the this gaving of Harry, Mus," said pieg the Deapent wersing, R

Epoch: 9 Total iter: 430000  Local iter: 31291  loss: 43.9823472516252 smooth loss: 42.66319999354424
Text:  shinger Frey the gill pupsed the rean Dobe be the booksofied to look affires dike eariogs to Dumich be ale protile." mevice.  Herave up they gest one of soming.
"Mult to Harry wantty. ..." I fonet.  T

